[debug] [2018-05-14T17:09:59.420Z] ----------------------------------------------------------------------
[debug] [2018-05-14T17:09:59.423Z] Command:       C:\Program Files\nodejs\node.exe C:\Users\p749213\AppData\Roaming\npm\node_modules\firebase-tools\bin\firebase serve
[debug] [2018-05-14T17:09:59.423Z] CLI Version:   3.18.4
[debug] [2018-05-14T17:09:59.423Z] Platform:      win32
[debug] [2018-05-14T17:09:59.423Z] Node Version:  v10.1.0
[debug] [2018-05-14T17:09:59.424Z] Time:          Mon May 14 2018 22:39:59 GMT+0530 (India Standard Time)
[debug] [2018-05-14T17:09:59.424Z] ----------------------------------------------------------------------
[debug] 
[debug] [2018-05-14T17:09:59.436Z] > command requires scopes: ["email","openid","https://www.googleapis.com/auth/cloudplatformprojects.readonly","https://www.googleapis.com/auth/firebase","https://www.googleapis.com/auth/cloud-platform"]
[debug] [2018-05-14T17:09:59.437Z] > authorizing via signed-in user
[debug] [2018-05-14T17:09:59.438Z] >>> HTTP REQUEST GET https://admin.firebase.com/v1/projects/webplayzone  
  
 Mon May 14 2018 22:39:59 GMT+0530 (India Standard Time)
[debug] [2018-05-14T17:10:03.336Z] <<< HTTP RESPONSE 200
[debug] [2018-05-14T17:10:03.339Z] >>> HTTP REQUEST GET https://admin.firebase.com/v1/database/webplayzone/tokens  
  
 Mon May 14 2018 22:40:03 GMT+0530 (India Standard Time)
[debug] [2018-05-14T17:10:28.220Z] ----------------------------------------------------------------------
[debug] [2018-05-14T17:10:28.223Z] Command:       C:\Program Files\nodejs\node.exe C:\Users\p749213\AppData\Roaming\npm\node_modules\firebase-tools\bin\firebase serve
[debug] [2018-05-14T17:10:28.223Z] CLI Version:   3.18.4
[debug] [2018-05-14T17:10:28.223Z] Platform:      win32
[debug] [2018-05-14T17:10:28.223Z] Node Version:  v10.1.0
[debug] [2018-05-14T17:10:28.224Z] Time:          Mon May 14 2018 22:40:28 GMT+0530 (India Standard Time)
[debug] [2018-05-14T17:10:28.224Z] ----------------------------------------------------------------------
[debug] 
[debug] [2018-05-14T17:10:28.236Z] > command requires scopes: ["email","openid","https://www.googleapis.com/auth/cloudplatformprojects.readonly","https://www.googleapis.com/auth/firebase","https://www.googleapis.com/auth/cloud-platform"]
[debug] [2018-05-14T17:10:28.237Z] > authorizing via signed-in user
[debug] [2018-05-14T17:10:28.239Z] >>> HTTP REQUEST GET https://admin.firebase.com/v1/projects/webplayzone  
  
 Mon May 14 2018 22:40:28 GMT+0530 (India Standard Time)
